<?xml version="1.0" encoding="UTF-8"?>
<!-- Generated by org.testng.reporters.JUnitXMLReporter -->
<testsuite ignored="0" hostname="NAGSEZ584599L" failures="0" tests="1" name="Surefire test" time="0.053" errors="0" timestamp="2024-08-29T12:36:49 IST">
  <testcase classname="testBase.BaseClass" name="@BeforeClass setupTest" time="-1.724915209119E9">
    <failure type="org.testng.TestNGException" message="
Parameter &amp;apos;Browser&amp;apos; is required by BeforeClass on method setupTest but has not been marked @Optional or defined
">
      <![CDATA[org.testng.TestNGException: 
Parameter 'Browser' is required by BeforeClass on method setupTest but has not been marked @Optional or defined

at java.base/java.util.ArrayList.forEach(ArrayList.java:1511)
... Removed 27 stack frames]]>
    </failure>
  </testcase> <!-- @BeforeClass setupTest -->
  <testcase classname="testBase.BaseClass" name="@AfterClass closeTest" time="0.0">
    <skipped/>
  </testcase> <!-- @AfterClass closeTest -->
  <testcase classname="testCases.TC001_AccRegistrationTest" name="testAccountReg" time="0.0">
    <skipped/>
  </testcase> <!-- testAccountReg -->
</testsuite> <!-- Surefire test -->
